<?xml version="1.0" encoding="UTF-8"?>
<!-- Generated by org.testng.reporters.JUnitReportReporter -->
<testsuite skipped="0" hostname="DESKTOP-3SL4LUB" name="testnglearning.TestCase1" tests="2" failures="0" timestamp="20 Jan 2019 06:08:31 GMT" time="0.015" errors="0">
  <testcase name="doUserReg" time="0.011" classname="testnglearning.TestCase1"/>
  <testcase name="doLogin" time="0.004" classname="testnglearning.TestCase1"/>
</testsuite> <!-- testnglearning.TestCase1 -->
