<?xml version="1.0" encoding="UTF-8"?>
<!-- Generated by org.testng.reporters.JUnitReportReporter -->
<testsuite skipped="0" hostname="DESKTOP-3SL4LUB" name="testnglearning.sanity.TestCase1" tests="2" failures="0" timestamp="27 Jan 2019 07:17:32 GMT" time="0.022" errors="0">
  <testcase name="doUserReg" time="0.018" classname="testnglearning.sanity.TestCase1"/>
  <testcase name="doLogin" time="0.004" classname="testnglearning.sanity.TestCase1"/>
</testsuite> <!-- testnglearning.sanity.TestCase1 -->
